Base path: C:/Program Files/Unity/Editor/Data
Pipe name: \\.\pipe\UnityShaderCompiler-64bit-1-5020
Cmd: getPlatforms
Cmd: preprocess
  insize=2379 outsize=1092 ok=1
Cmd: preprocess
  insize=2340 outsize=1021 ok=1
Cmd: compileSnippet
  api=4 type=0 insize=1618 outsize=1290 kw=SOFTPARTICLES_OFF pd= ok=1
Cmd: compileSnippet
  api=4 type=1 insize=1618 outsize=868 kw=SOFTPARTICLES_OFF pd= ok=1
Cmd: preprocess
  insize=2379 outsize=1086 ok=1
Cmd: compileSnippet
  api=4 type=0 insize=1592 outsize=1290 kw=SOFTPARTICLES_OFF pd= ok=1
Cmd: compileSnippet
  api=4 type=1 insize=1592 outsize=924 kw=SOFTPARTICLES_OFF pd= ok=1
Cmd: compileSnippet
  api=4 type=0 insize=982 outsize=5580 kw=DIRECTIONAL SHADOWS_OFF LIGHTMAP_OFF DIRLIGHTMAP_OFF DYNAMICLIGHTMAP_OFF _PARALLAXMAP _METALLICGLOSSMAP pd= ok=1
Cmd: compileSnippet
  api=4 type=1 insize=982 outsize=11471 kw=DIRECTIONAL SHADOWS_OFF LIGHTMAP_OFF DIRLIGHTMAP_OFF DYNAMICLIGHTMAP_OFF _PARALLAXMAP _METALLICGLOSSMAP pd= ok=1
Cmd: compileSnippet
  api=4 type=0 insize=938 outsize=5174 kw=DIRECTIONAL SHADOWS_OFF _PARALLAXMAP _METALLICGLOSSMAP pd= ok=1
Cmd: compileSnippet
  api=4 type=1 insize=938 outsize=6336 kw=DIRECTIONAL SHADOWS_OFF _PARALLAXMAP _METALLICGLOSSMAP pd= ok=1
Cmd: compileSnippet
  api=4 type=0 insize=982 outsize=4418 kw=DIRECTIONAL SHADOWS_OFF LIGHTMAP_OFF DIRLIGHTMAP_COMBINED DYNAMICLIGHTMAP_ON _METALLICGLOSSMAP _NORMALMAP pd= ok=1
Cmd: compileSnippet
  api=4 type=1 insize=982 outsize=11991 kw=DIRECTIONAL SHADOWS_OFF LIGHTMAP_OFF DIRLIGHTMAP_COMBINED DYNAMICLIGHTMAP_ON _METALLICGLOSSMAP _NORMALMAP pd= ok=1
Cmd: compileSnippet
  api=4 type=0 insize=977 outsize=6116 kw=DIRECTIONAL SHADOWS_OFF LIGHTMAP_OFF DIRLIGHTMAP_OFF DYNAMICLIGHTMAP_OFF _EMISSION VERTEXLIGHT_ON _NORMALMAP _SPECGLOSSMAP pd= ok=1
Cmd: compileSnippet
  api=4 type=0 insize=982 outsize=4418 kw=DIRECTIONAL SHADOWS_OFF LIGHTMAP_OFF DIRLIGHTMAP_COMBINED DYNAMICLIGHTMAP_ON VERTEXLIGHT_ON _METALLICGLOSSMAP _NORMALMAP pd= ok=1
